# JRE version: Java(TM) SE Runtime Environment (8.0_181-b13) (build 1.8.0_181-b13)
# Java VM: Java HotSpot(TM) 64-Bit Server VM (25.181-b13 mixed mode windows-amd64 compressed oops)
Heap:
 PSYoungGen      total 13824K, used 10298K [0x00000000eab00000, 0x00000000ebd00000, 0x0000000100000000)
  eden space 10240K, 65% used [0x00000000eab00000,0x00000000eb1936a8,0x00000000eb500000)
  from space 3584K, 99% used [0x00000000eb980000,0x00000000ebcfb4e8,0x00000000ebd00000)
  to   space 4096K, 0% used [0x00000000eb500000,0x00000000eb500000,0x00000000eb900000)
 ParOldGen       total 9728K, used 5406K [0x00000000c0000000, 0x00000000c0980000, 0x00000000eab00000)
  object space 9728K, 55% used [0x00000000c0000000,0x00000000c0547bd0,0x00000000c0980000)
 Metaspace       used 7725K, capacity 8500K, committed 8704K, reserved 1056768K
  class space    used 921K, capacity 944K, committed 1024K, reserved 1048576K
GC Heap History (10 events):
Event: 1.771 GC heap before
{Heap before GC invocations=5 (full 0):
 PSYoungGen      total 3584K, used 3584K [0x00000000eab00000, 0x00000000eaf00000, 0x0000000100000000)
  eden space 3072K, 100% used [0x00000000eab00000,0x00000000eae00000,0x00000000eae00000)
  from space 512K, 100% used [0x00000000eae80000,0x00000000eaf00000,0x00000000eaf00000)
  to   space 512K, 0% used [0x00000000eae00000,0x00000000eae00000,0x00000000eae80000)
 ParOldGen       total 5632K, used 632K [0x00000000c0000000, 0x00000000c0580000, 0x00000000eab00000)
  object space 5632K, 11% used [0x00000000c0000000,0x00000000c009e030,0x00000000c0580000)
 Metaspace       used 6284K, capacity 7380K, committed 7552K, reserved 1056768K
  class space    used 802K, capacity 848K, committed 896K, reserved 1048576K
Event: 1.776 GC heap after
Heap after GC invocations=5 (full 0):
 PSYoungGen      total 3584K, used 512K [0x00000000eab00000, 0x00000000eb300000, 0x0000000100000000)
  eden space 3072K, 0% used [0x00000000eab00000,0x00000000eab00000,0x00000000eae00000)
  from space 512K, 100% used [0x00000000eae00000,0x00000000eae80000,0x00000000eae80000)
  to   space 1024K, 0% used [0x00000000eb200000,0x00000000eb200000,0x00000000eb300000)
 ParOldGen       total 5632K, used 920K [0x00000000c0000000, 0x00000000c0580000, 0x00000000eab00000)
  object space 5632K, 16% used [0x00000000c0000000,0x00000000c00e6030,0x00000000c0580000)
 Metaspace       used 6284K, capacity 7380K, committed 7552K, reserved 1056768K
  class space    used 802K, capacity 848K, committed 896K, reserved 1048576K
}
Event: 1.917 GC heap before
{Heap before GC invocations=6 (full 0):
 PSYoungGen      total 3584K, used 3584K [0x00000000eab00000, 0x00000000eb300000, 0x0000000100000000)
  eden space 3072K, 100% used [0x00000000eab00000,0x00000000eae00000,0x00000000eae00000)
  from space 512K, 100% used [0x00000000eae00000,0x00000000eae80000,0x00000000eae80000)
  to   space 1024K, 0% used [0x00000000eb200000,0x00000000eb200000,0x00000000eb300000)
 ParOldGen       total 5632K, used 920K [0x00000000c0000000, 0x00000000c0580000, 0x00000000eab00000)
  object space 5632K, 16% used [0x00000000c0000000,0x00000000c00e6030,0x00000000c0580000)
 Metaspace       used 6934K, capacity 7860K, committed 8064K, reserved 1056768K
  class space    used 860K, capacity 880K, committed 896K, reserved 1048576K
Event: 1.921 GC heap after
Heap after GC invocations=6 (full 0):
 PSYoungGen      total 6656K, used 992K [0x00000000eab00000, 0x00000000eb400000, 0x0000000100000000)
  eden space 5632K, 0% used [0x00000000eab00000,0x00000000eab00000,0x00000000eb080000)
  from space 1024K, 96% used [0x00000000eb200000,0x00000000eb2f8020,0x00000000eb300000)
  to   space 1536K, 0% used [0x00000000eb080000,0x00000000eb080000,0x00000000eb200000)
 ParOldGen       total 5632K, used 1290K [0x00000000c0000000, 0x00000000c0580000, 0x00000000eab00000)
  object space 5632K, 22% used [0x00000000c0000000,0x00000000c0142948,0x00000000c0580000)
 Metaspace       used 6934K, capacity 7860K, committed 8064K, reserved 1056768K
  class space    used 860K, capacity 880K, committed 896K, reserved 1048576K
}
Event: 2.087 GC heap before
{Heap before GC invocations=7 (full 0):
 PSYoungGen      total 6656K, used 6624K [0x00000000eab00000, 0x00000000eb400000, 0x0000000100000000)
  eden space 5632K, 100% used [0x00000000eab00000,0x00000000eb080000,0x00000000eb080000)
  from space 1024K, 96% used [0x00000000eb200000,0x00000000eb2f8020,0x00000000eb300000)
  to   space 1536K, 0% used [0x00000000eb080000,0x00000000eb080000,0x00000000eb200000)
 ParOldGen       total 5632K, used 1290K [0x00000000c0000000, 0x00000000c0580000, 0x00000000eab00000)
  object space 5632K, 22% used [0x00000000c0000000,0x00000000c0142948,0x00000000c0580000)
 Metaspace       used 7491K, capacity 8308K, committed 8448K, reserved 1056768K
  class space    used 908K, capacity 944K, committed 1024K, reserved 1048576K
Event: 2.099 GC heap after
Heap after GC invocations=7 (full 0):
 PSYoungGen      total 7168K, used 1506K [0x00000000eab00000, 0x00000000ebd00000, 0x0000000100000000)
  eden space 5632K, 0% used [0x00000000eab00000,0x00000000eab00000,0x00000000eb080000)
  from space 1536K, 98% used [0x00000000eb080000,0x00000000eb1f8b70,0x00000000eb200000)
  to   space 3584K, 0% used [0x00000000eb980000,0x00000000eb980000,0x00000000ebd00000)
 ParOldGen       total 5632K, used 4392K [0x00000000c0000000, 0x00000000c0580000, 0x00000000eab00000)
  object space 5632K, 77% used [0x00000000c0000000,0x00000000c044a090,0x00000000c0580000)
 Metaspace       used 7491K, capacity 8308K, committed 8448K, reserved 1056768K
  class space    used 908K, capacity 944K, committed 1024K, reserved 1048576K
}
Event: 2.099 GC heap before
{Heap before GC invocations=8 (full 1):
 PSYoungGen      total 7168K, used 1506K [0x00000000eab00000, 0x00000000ebd00000, 0x0000000100000000)
  eden space 5632K, 0% used [0x00000000eab00000,0x00000000eab00000,0x00000000eb080000)
  from space 1536K, 98% used [0x00000000eb080000,0x00000000eb1f8b70,0x00000000eb200000)
  to   space 3584K, 0% used [0x00000000eb980000,0x00000000eb980000,0x00000000ebd00000)
 ParOldGen       total 5632K, used 4392K [0x00000000c0000000, 0x00000000c0580000, 0x00000000eab00000)
  object space 5632K, 77% used [0x00000000c0000000,0x00000000c044a090,0x00000000c0580000)
 Metaspace       used 7491K, capacity 8308K, committed 8448K, reserved 1056768K
  class space    used 908K, capacity 944K, committed 1024K, reserved 1048576K
Event: 2.136 GC heap after
Heap after GC invocations=8 (full 1):
 PSYoungGen      total 7168K, used 0K [0x00000000eab00000, 0x00000000ebd00000, 0x0000000100000000)
  eden space 5632K, 0% used [0x00000000eab00000,0x00000000eab00000,0x00000000eb080000)
  from space 1536K, 0% used [0x00000000eb080000,0x00000000eb080000,0x00000000eb200000)
  to   space 3584K, 0% used [0x00000000eb980000,0x00000000eb980000,0x00000000ebd00000)
 ParOldGen       total 9728K, used 5126K [0x00000000c0000000, 0x00000000c0980000, 0x00000000eab00000)
  object space 9728K, 52% used [0x00000000c0000000,0x00000000c0501bd0,0x00000000c0980000)
 Metaspace       used 7491K, capacity 8308K, committed 8448K, reserved 1056768K
  class space    used 908K, capacity 944K, committed 1024K, reserved 1048576K
}
Event: 2.255 GC heap before
{Heap before GC invocations=9 (full 1):
 PSYoungGen      total 7168K, used 5632K [0x00000000eab00000, 0x00000000ebd00000, 0x0000000100000000)
  eden space 5632K, 100% used [0x00000000eab00000,0x00000000eb080000,0x00000000eb080000)
  from space 1536K, 0% used [0x00000000eb080000,0x00000000eb080000,0x00000000eb200000)
  to   space 3584K, 0% used [0x00000000eb980000,0x00000000eb980000,0x00000000ebd00000)
 ParOldGen       total 9728K, used 5126K [0x00000000c0000000, 0x00000000c0980000, 0x00000000eab00000)
  object space 9728K, 52% used [0x00000000c0000000,0x00000000c0501bd0,0x00000000c0980000)
 Metaspace       used 7509K, capacity 8308K, committed 8448K, reserved 1056768K
  class space    used 909K, capacity 944K, committed 1024K, reserved 1048576K
Event: 2.272 GC heap after
Heap after GC invocations=9 (full 1):
 PSYoungGen      total 13824K, used 3565K [0x00000000eab00000, 0x00000000ebd00000, 0x0000000100000000)
  eden space 10240K, 0% used [0x00000000eab00000,0x00000000eab00000,0x00000000eb500000)
  from space 3584K, 99% used [0x00000000eb980000,0x00000000ebcfb4e8,0x00000000ebd00000)
  to   space 4096K, 0% used [0x00000000eb500000,0x00000000eb500000,0x00000000eb900000)
 ParOldGen       total 9728K, used 5406K [0x00000000c0000000, 0x00000000c0980000, 0x00000000eab00000)
  object space 9728K, 55% used [0x00000000c0000000,0x00000000c0547bd0,0x00000000c0980000)
 Metaspace       used 7509K, capacity 8308K, committed 8448K, reserved 1056768K
  class space    used 909K, capacity 944K, committed 1024K, reserved 1048576K
}

