# JRE version: Java(TM) SE Runtime Environment (8.0_181-b13) (build 1.8.0_181-b13)
# Java VM: Java HotSpot(TM) 64-Bit Server VM (25.181-b13 mixed mode windows-amd64 compressed oops)
Heap:
 PSYoungGen      total 33792K, used 3379K [0x00000000eab00000, 0x00000000ed000000, 0x0000000100000000)
  eden space 31232K, 2% used [0x00000000eab00000,0x00000000eabd4478,0x00000000ec980000)
  from space 2560K, 98% used [0x00000000ecd80000,0x00000000ecff8928,0x00000000ed000000)
  to   space 2560K, 0% used [0x00000000ecb00000,0x00000000ecb00000,0x00000000ecd80000)
 ParOldGen       total 25600K, used 5214K [0x00000000c0000000, 0x00000000c1900000, 0x00000000eab00000)
  object space 25600K, 20% used [0x00000000c0000000,0x00000000c05179a8,0x00000000c1900000)
 Metaspace       used 23979K, capacity 24230K, committed 24448K, reserved 1071104K
  class space    used 3029K, capacity 3141K, committed 3200K, reserved 1048576K
GC Heap History (10 events):
Event: 11.704 GC heap before
{Heap before GC invocations=1 (full 0):
 PSYoungGen      total 18944K, used 16367K [0x00000000eab00000, 0x00000000ec000000, 0x0000000100000000)
  eden space 16384K, 99% used [0x00000000eab00000,0x00000000ebafbfe0,0x00000000ebb00000)
  from space 2560K, 0% used [0x00000000ebd80000,0x00000000ebd80000,0x00000000ec000000)
  to   space 2560K, 0% used [0x00000000ebb00000,0x00000000ebb00000,0x00000000ebd80000)
 ParOldGen       total 44032K, used 0K [0x00000000c0000000, 0x00000000c2b00000, 0x00000000eab00000)
  object space 44032K, 0% used [0x00000000c0000000,0x00000000c0000000,0x00000000c2b00000)
 Metaspace       used 15507K, capacity 15720K, committed 15872K, reserved 1062912K
  class space    used 1908K, capacity 1975K, committed 2048K, reserved 1048576K
Event: 11.715 GC heap after
Heap after GC invocations=1 (full 0):
 PSYoungGen      total 18944K, used 2549K [0x00000000eab00000, 0x00000000ec000000, 0x0000000100000000)
  eden space 16384K, 0% used [0x00000000eab00000,0x00000000eab00000,0x00000000ebb00000)
  from space 2560K, 99% used [0x00000000ebb00000,0x00000000ebd7d4f8,0x00000000ebd80000)
  to   space 2560K, 0% used [0x00000000ebd80000,0x00000000ebd80000,0x00000000ec000000)
 ParOldGen       total 44032K, used 918K [0x00000000c0000000, 0x00000000c2b00000, 0x00000000eab00000)
  object space 44032K, 2% used [0x00000000c0000000,0x00000000c00e5930,0x00000000c2b00000)
 Metaspace       used 15507K, capacity 15720K, committed 15872K, reserved 1062912K
  class space    used 1908K, capacity 1975K, committed 2048K, reserved 1048576K
}
Event: 12.109 GC heap before
{Heap before GC invocations=2 (full 0):
 PSYoungGen      total 18944K, used 18933K [0x00000000eab00000, 0x00000000ec000000, 0x0000000100000000)
  eden space 16384K, 100% used [0x00000000eab00000,0x00000000ebb00000,0x00000000ebb00000)
  from space 2560K, 99% used [0x00000000ebb00000,0x00000000ebd7d4f8,0x00000000ebd80000)
  to   space 2560K, 0% used [0x00000000ebd80000,0x00000000ebd80000,0x00000000ec000000)
 ParOldGen       total 44032K, used 918K [0x00000000c0000000, 0x00000000c2b00000, 0x00000000eab00000)
  object space 44032K, 2% used [0x00000000c0000000,0x00000000c00e5930,0x00000000c2b00000)
 Metaspace       used 19813K, capacity 20072K, committed 20224K, reserved 1067008K
  class space    used 2395K, capacity 2487K, committed 2560K, reserved 1048576K
Event: 12.122 GC heap after
Heap after GC invocations=2 (full 0):
 PSYoungGen      total 18944K, used 2528K [0x00000000eab00000, 0x00000000ed000000, 0x0000000100000000)
  eden space 16384K, 0% used [0x00000000eab00000,0x00000000eab00000,0x00000000ebb00000)
  from space 2560K, 98% used [0x00000000ebd80000,0x00000000ebff8040,0x00000000ec000000)
  to   space 2560K, 0% used [0x00000000ebb00000,0x00000000ebb00000,0x00000000ebd80000)
 ParOldGen       total 44032K, used 4156K [0x00000000c0000000, 0x00000000c2b00000, 0x00000000eab00000)
  object space 44032K, 9% used [0x00000000c0000000,0x00000000c040f190,0x00000000c2b00000)
 Metaspace       used 19813K, capacity 20072K, committed 20224K, reserved 1067008K
  class space    used 2395K, capacity 2487K, committed 2560K, reserved 1048576K
}
Event: 12.293 GC heap before
{Heap before GC invocations=3 (full 0):
 PSYoungGen      total 18944K, used 9361K [0x00000000eab00000, 0x00000000ed000000, 0x0000000100000000)
  eden space 16384K, 41% used [0x00000000eab00000,0x00000000eb1ac4d8,0x00000000ebb00000)
  from space 2560K, 98% used [0x00000000ebd80000,0x00000000ebff8040,0x00000000ec000000)
  to   space 2560K, 0% used [0x00000000ebb00000,0x00000000ebb00000,0x00000000ebd80000)
 ParOldGen       total 44032K, used 4156K [0x00000000c0000000, 0x00000000c2b00000, 0x00000000eab00000)
  object space 44032K, 9% used [0x00000000c0000000,0x00000000c040f190,0x00000000c2b00000)
 Metaspace       used 20881K, capacity 21096K, committed 21248K, reserved 1067008K
  class space    used 2649K, capacity 2743K, committed 2816K, reserved 1048576K
Event: 12.303 GC heap after
Heap after GC invocations=3 (full 0):
 PSYoungGen      total 18944K, used 2528K [0x00000000eab00000, 0x00000000ed000000, 0x0000000100000000)
  eden space 16384K, 0% used [0x00000000eab00000,0x00000000eab00000,0x00000000ebb00000)
  from space 2560K, 98% used [0x00000000ebb00000,0x00000000ebd78020,0x00000000ebd80000)
  to   space 2560K, 0% used [0x00000000ecd80000,0x00000000ecd80000,0x00000000ed000000)
 ParOldGen       total 44032K, used 5382K [0x00000000c0000000, 0x00000000c2b00000, 0x00000000eab00000)
  object space 44032K, 12% used [0x00000000c0000000,0x00000000c05419f8,0x00000000c2b00000)
 Metaspace       used 20881K, capacity 21096K, committed 21248K, reserved 1067008K
  class space    used 2649K, capacity 2743K, committed 2816K, reserved 1048576K
}
Event: 12.303 GC heap before
{Heap before GC invocations=4 (full 1):
 PSYoungGen      total 18944K, used 2528K [0x00000000eab00000, 0x00000000ed000000, 0x0000000100000000)
  eden space 16384K, 0% used [0x00000000eab00000,0x00000000eab00000,0x00000000ebb00000)
  from space 2560K, 98% used [0x00000000ebb00000,0x00000000ebd78020,0x00000000ebd80000)
  to   space 2560K, 0% used [0x00000000ecd80000,0x00000000ecd80000,0x00000000ed000000)
 ParOldGen       total 44032K, used 5382K [0x00000000c0000000, 0x00000000c2b00000, 0x00000000eab00000)
  object space 44032K, 12% used [0x00000000c0000000,0x00000000c05419f8,0x00000000c2b00000)
 Metaspace       used 20881K, capacity 21096K, committed 21248K, reserved 1067008K
  class space    used 2649K, capacity 2743K, committed 2816K, reserved 1048576K
Event: 12.337 GC heap after
Heap after GC invocations=4 (full 1):
 PSYoungGen      total 18944K, used 0K [0x00000000eab00000, 0x00000000ed000000, 0x0000000100000000)
  eden space 16384K, 0% used [0x00000000eab00000,0x00000000eab00000,0x00000000ebb00000)
  from space 2560K, 0% used [0x00000000ebb00000,0x00000000ebb00000,0x00000000ebd80000)
  to   space 2560K, 0% used [0x00000000ecd80000,0x00000000ecd80000,0x00000000ed000000)
 ParOldGen       total 25600K, used 3777K [0x00000000c0000000, 0x00000000c1900000, 0x00000000eab00000)
  object space 25600K, 14% used [0x00000000c0000000,0x00000000c03b0698,0x00000000c1900000)
 Metaspace       used 20881K, capacity 21096K, committed 21248K, reserved 1067008K
  class space    used 2649K, capacity 2743K, committed 2816K, reserved 1048576K
}
Event: 12.798 GC heap before
{Heap before GC invocations=5 (full 1):
 PSYoungGen      total 18944K, used 16384K [0x00000000eab00000, 0x00000000ed000000, 0x0000000100000000)
  eden space 16384K, 100% used [0x00000000eab00000,0x00000000ebb00000,0x00000000ebb00000)
  from space 2560K, 0% used [0x00000000ebb00000,0x00000000ebb00000,0x00000000ebd80000)
  to   space 2560K, 0% used [0x00000000ecd80000,0x00000000ecd80000,0x00000000ed000000)
 ParOldGen       total 25600K, used 3777K [0x00000000c0000000, 0x00000000c1900000, 0x00000000eab00000)
  object space 25600K, 14% used [0x00000000c0000000,0x00000000c03b0698,0x00000000c1900000)
 Metaspace       used 23975K, capacity 24230K, committed 24448K, reserved 1071104K
  class space    used 3029K, capacity 3141K, committed 3200K, reserved 1048576K
Event: 12.806 GC heap after
Heap after GC invocations=5 (full 1):
 PSYoungGen      total 33792K, used 2530K [0x00000000eab00000, 0x00000000ed000000, 0x0000000100000000)
  eden space 31232K, 0% used [0x00000000eab00000,0x00000000eab00000,0x00000000ec980000)
  from space 2560K, 98% used [0x00000000ecd80000,0x00000000ecff8928,0x00000000ed000000)
  to   space 2560K, 0% used [0x00000000ecb00000,0x00000000ecb00000,0x00000000ecd80000)
 ParOldGen       total 25600K, used 5214K [0x00000000c0000000, 0x00000000c1900000, 0x00000000eab00000)
  object space 25600K, 20% used [0x00000000c0000000,0x00000000c05179a8,0x00000000c1900000)
 Metaspace       used 23975K, capacity 24230K, committed 24448K, reserved 1071104K
  class space    used 3029K, capacity 3141K, committed 3200K, reserved 1048576K
}

